<?xml version="1.0" encoding="UTF-8"?>
<coverage generated="1740241088879" clover="3.2.0">
  <project timestamp="1740241088879" name="All files">
    <metrics statements="248" coveredstatements="197" conditionals="105" coveredconditionals="69" methods="93" coveredmethods="73" elements="446" coveredelements="339" complexity="0" loc="248" ncloc="248" packages="1" files="10" classes="10"/>
    <file name="AnimatedTitle.jsx" path="/Users/courtney/dev/tonights_special/app/javascript/components/AnimatedTitle.jsx">
      <metrics statements="73" coveredstatements="59" conditionals="20" coveredconditionals="10" methods="38" coveredmethods="32"/>
      <line num="3" count="1" type="stmt"/>
      <line num="4" count="9" type="stmt"/>
      <line num="5" count="9" type="stmt"/>
      <line num="6" count="9" type="stmt"/>
      <line num="7" count="9" type="stmt"/>
      <line num="9" count="9" type="stmt"/>
      <line num="11" count="8" type="stmt"/>
      <line num="12" count="168" type="cond" truecount="1" falsecount="1"/>
      <line num="13" count="168" type="stmt"/>
      <line num="14" count="168" type="stmt"/>
      <line num="18" count="8" type="stmt"/>
      <line num="19" count="16" type="cond" truecount="1" falsecount="1"/>
      <line num="20" count="16" type="stmt"/>
      <line num="24" count="8" type="cond" truecount="1" falsecount="1"/>
      <line num="25" count="8" type="stmt"/>
      <line num="28" count="8" type="cond" truecount="1" falsecount="1"/>
      <line num="29" count="8" type="stmt"/>
      <line num="33" count="8" type="stmt"/>
      <line num="34" count="49" type="stmt"/>
      <line num="35" count="49" type="cond" truecount="2" falsecount="0"/>
      <line num="36" count="1" type="stmt"/>
      <line num="37" count="1" type="stmt"/>
      <line num="40" count="48" type="stmt"/>
      <line num="41" count="48" type="cond" truecount="1" falsecount="1"/>
      <line num="42" count="48" type="stmt"/>
      <line num="43" count="48" type="stmt"/>
      <line num="45" count="48" type="cond" truecount="2" falsecount="0"/>
      <line num="46" count="48" type="stmt"/>
      <line num="47" count="41" type="stmt"/>
      <line num="50" count="0" type="stmt"/>
      <line num="56" count="8" type="stmt"/>
      <line num="58" count="1" type="stmt"/>
      <line num="59" count="2" type="cond" truecount="1" falsecount="1"/>
      <line num="60" count="2" type="stmt"/>
      <line num="61" count="0" type="stmt"/>
      <line num="62" count="0" type="stmt"/>
      <line num="68" count="1" type="stmt"/>
      <line num="69" count="0" type="cond" truecount="0" falsecount="2"/>
      <line num="70" count="0" type="stmt"/>
      <line num="71" count="0" type="stmt"/>
      <line num="72" count="0" type="stmt"/>
      <line num="73" count="0" type="stmt"/>
      <line num="80" count="9" type="stmt"/>
      <line num="81" count="0" type="stmt"/>
      <line num="83" count="0" type="stmt"/>
      <line num="84" count="0" type="stmt"/>
      <line num="86" count="0" type="cond" truecount="0" falsecount="2"/>
      <line num="87" count="0" type="stmt"/>
      <line num="91" count="0" type="stmt"/>
      <line num="96" count="9" type="stmt"/>
      <line num="118" count="18" type="stmt"/>
      <line num="126" count="18" type="stmt"/>
      <line num="135" count="18" type="stmt"/>
      <line num="144" count="18" type="stmt"/>
      <line num="153" count="18" type="stmt"/>
      <line num="161" count="18" type="stmt"/>
      <line num="169" count="18" type="stmt"/>
      <line num="178" count="18" type="stmt"/>
      <line num="186" count="18" type="stmt"/>
      <line num="195" count="18" type="stmt"/>
      <line num="203" count="18" type="stmt"/>
      <line num="212" count="18" type="stmt"/>
      <line num="221" count="18" type="stmt"/>
      <line num="230" count="18" type="stmt"/>
      <line num="239" count="18" type="stmt"/>
      <line num="247" count="18" type="stmt"/>
      <line num="256" count="18" type="stmt"/>
      <line num="265" count="18" type="stmt"/>
      <line num="274" count="18" type="stmt"/>
      <line num="282" count="18" type="stmt"/>
      <line num="291" count="18" type="stmt"/>
      <line num="300" count="18" type="stmt"/>
      <line num="307" count="18" type="stmt"/>
    </file>
    <file name="GroceryItem.jsx" path="/Users/courtney/dev/tonights_special/app/javascript/components/GroceryItem.jsx">
      <metrics statements="46" coveredstatements="35" conditionals="21" coveredconditionals="14" methods="12" coveredmethods="10"/>
      <line num="4" count="1" type="cond" truecount="0" falsecount="1"/>
      <line num="5" count="9" type="cond" truecount="1" falsecount="1"/>
      <line num="6" count="9" type="stmt"/>
      <line num="7" count="9" type="stmt"/>
      <line num="9" count="9" type="stmt"/>
      <line num="10" count="9" type="cond" truecount="1" falsecount="1"/>
      <line num="11" count="9" type="stmt"/>
      <line num="12" count="9" type="stmt"/>
      <line num="13" count="9" type="stmt"/>
      <line num="15" count="0" type="stmt"/>
      <line num="16" count="0" type="stmt"/>
      <line num="20" count="9" type="stmt"/>
      <line num="21" count="8" type="cond" truecount="2" falsecount="0"/>
      <line num="22" count="3" type="stmt"/>
      <line num="23" count="0" type="stmt"/>
      <line num="25" count="3" type="stmt"/>
      <line num="29" count="9" type="stmt"/>
      <line num="30" count="6" type="cond" truecount="2" falsecount="0"/>
      <line num="31" count="1" type="stmt"/>
      <line num="32" count="0" type="stmt"/>
      <line num="34" count="1" type="stmt"/>
      <line num="38" count="9" type="stmt"/>
      <line num="39" count="3" type="stmt"/>
      <line num="40" count="3" type="stmt"/>
      <line num="53" count="2" type="cond" truecount="1" falsecount="1"/>
      <line num="54" count="2" type="stmt"/>
      <line num="55" count="2" type="stmt"/>
      <line num="56" count="2" type="stmt"/>
      <line num="58" count="0" type="stmt"/>
      <line num="59" count="0" type="stmt"/>
      <line num="62" count="1" type="stmt"/>
      <line num="63" count="1" type="stmt"/>
      <line num="67" count="9" type="stmt"/>
      <line num="68" count="1" type="cond" truecount="1" falsecount="1"/>
      <line num="70" count="1" type="stmt"/>
      <line num="71" count="1" type="stmt"/>
      <line num="84" count="1" type="cond" truecount="1" falsecount="1"/>
      <line num="85" count="1" type="stmt"/>
      <line num="86" count="1" type="stmt"/>
      <line num="87" count="1" type="stmt"/>
      <line num="89" count="0" type="stmt"/>
      <line num="90" count="0" type="stmt"/>
      <line num="93" count="0" type="stmt"/>
      <line num="94" count="0" type="stmt"/>
      <line num="95" count="0" type="stmt"/>
      <line num="99" count="9" type="stmt"/>
    </file>
    <file name="ItemModal.jsx" path="/Users/courtney/dev/tonights_special/app/javascript/components/ItemModal.jsx">
      <metrics statements="16" coveredstatements="14" conditionals="4" coveredconditionals="3" methods="4" coveredmethods="4"/>
      <line num="4" count="2" type="stmt"/>
      <line num="5" count="14" type="stmt"/>
      <line num="13" count="14" type="stmt"/>
      <line num="14" count="1" type="stmt"/>
      <line num="16" count="1" type="stmt"/>
      <line num="17" count="1" type="stmt"/>
      <line num="25" count="1" type="cond" truecount="1" falsecount="1"/>
      <line num="26" count="1" type="stmt"/>
      <line num="28" count="1" type="stmt"/>
      <line num="30" count="0" type="stmt"/>
      <line num="33" count="0" type="stmt"/>
      <line num="37" count="14" type="stmt"/>
      <line num="38" count="5" type="stmt"/>
      <line num="39" count="5" type="stmt"/>
      <line num="45" count="14" type="cond" truecount="2" falsecount="0"/>
      <line num="47" count="8" type="stmt"/>
    </file>
    <file name="Pantry.jsx" path="/Users/courtney/dev/tonights_special/app/javascript/components/Pantry.jsx">
      <metrics statements="42" coveredstatements="25" conditionals="19" coveredconditionals="9" methods="19" coveredmethods="7"/>
      <line num="9" count="1" type="cond" truecount="0" falsecount="1"/>
      <line num="10" count="6" type="stmt"/>
      <line num="11" count="6" type="stmt"/>
      <line num="12" count="0" type="stmt"/>
      <line num="13" count="0" type="stmt"/>
      <line num="18" count="0" type="stmt"/>
      <line num="19" count="0" type="stmt"/>
      <line num="22" count="0" type="stmt"/>
      <line num="23" count="0" type="cond" truecount="0" falsecount="2"/>
      <line num="29" count="0" type="stmt"/>
      <line num="33" count="6" type="stmt"/>
      <line num="34" count="0" type="stmt"/>
      <line num="36" count="6" type="stmt"/>
      <line num="37" count="9" type="stmt"/>
      <line num="38" count="9" type="stmt"/>
      <line num="40" count="6" type="stmt"/>
      <line num="41" count="6" type="stmt"/>
      <line num="42" count="6" type="stmt"/>
      <line num="43" count="6" type="stmt"/>
      <line num="44" count="5" type="cond" truecount="1" falsecount="1"/>
      <line num="49" count="6" type="stmt"/>
      <line num="50" count="1" type="stmt"/>
      <line num="52" count="6" type="stmt"/>
      <line num="53" count="0" type="stmt"/>
      <line num="55" count="6" type="stmt"/>
      <line num="56" count="0" type="stmt"/>
      <line num="58" count="6" type="stmt"/>
      <line num="59" count="0" type="stmt"/>
      <line num="64" count="6" type="stmt"/>
      <line num="65" count="0" type="stmt"/>
      <line num="66" count="0" type="stmt"/>
      <line num="67" count="0" type="cond" truecount="0" falsecount="2"/>
      <line num="73" count="6" type="cond" truecount="1" falsecount="1"/>
      <line num="74" count="0" type="stmt"/>
      <line num="76" count="5" type="stmt"/>
      <line num="77" count="10" type="stmt"/>
      <line num="79" count="5" type="stmt"/>
      <line num="81" count="6" type="stmt"/>
      <line num="83" count="6" type="stmt"/>
      <line num="131" count="5" type="stmt"/>
      <line num="148" count="0" type="stmt"/>
      <line num="155" count="0" type="stmt"/>
    </file>
    <file name="SearchBar.jsx" path="/Users/courtney/dev/tonights_special/app/javascript/components/SearchBar.jsx">
      <metrics statements="3" coveredstatements="3" conditionals="0" coveredconditionals="0" methods="2" coveredmethods="2"/>
      <line num="4" count="2" type="stmt"/>
      <line num="5" count="8" type="stmt"/>
      <line num="16" count="2" type="stmt"/>
    </file>
    <file name="SectionModal.jsx" path="/Users/courtney/dev/tonights_special/app/javascript/components/SectionModal.jsx">
      <metrics statements="41" coveredstatements="34" conditionals="17" coveredconditionals="12" methods="6" coveredmethods="6"/>
      <line num="4" count="2" type="stmt"/>
      <line num="5" count="1" type="stmt"/>
      <line num="10" count="2" type="cond" truecount="1" falsecount="0"/>
      <line num="11" count="17" type="stmt"/>
      <line num="14" count="17" type="stmt"/>
      <line num="15" count="17" type="stmt"/>
      <line num="18" count="17" type="stmt"/>
      <line num="19" count="8" type="cond" truecount="2" falsecount="0"/>
      <line num="20" count="4" type="stmt"/>
      <line num="21" count="4" type="stmt"/>
      <line num="25" count="17" type="stmt"/>
      <line num="26" count="2" type="stmt"/>
      <line num="27" count="2" type="stmt"/>
      <line num="29" count="2" type="stmt"/>
      <line num="30" count="2" type="stmt"/>
      <line num="32" count="2" type="stmt"/>
      <line num="33" count="2" type="stmt"/>
      <line num="34" count="2" type="cond" truecount="1" falsecount="1"/>
      <line num="35" count="0" type="stmt"/>
      <line num="38" count="2" type="stmt"/>
      <line num="43" count="2" type="stmt"/>
      <line num="54" count="1" type="stmt"/>
      <line num="56" count="1" type="stmt"/>
      <line num="57" count="1" type="stmt"/>
      <line num="59" count="0" type="stmt"/>
      <line num="60" count="0" type="stmt"/>
      <line num="61" count="0" type="stmt"/>
      <line num="64" count="1" type="cond" truecount="1" falsecount="1"/>
      <line num="65" count="0" type="cond" truecount="0" falsecount="2"/>
      <line num="68" count="0" type="stmt"/>
      <line num="69" count="0" type="stmt"/>
      <line num="73" count="1" type="stmt"/>
      <line num="75" count="1" type="cond" truecount="1" falsecount="1"/>
      <line num="76" count="1" type="stmt"/>
      <line num="78" count="1" type="stmt"/>
      <line num="81" count="1" type="stmt"/>
      <line num="83" count="2" type="stmt"/>
      <line num="87" count="17" type="stmt"/>
      <line num="88" count="1" type="stmt"/>
      <line num="94" count="17" type="cond" truecount="2" falsecount="0"/>
      <line num="96" count="12" type="stmt"/>
    </file>
    <file name="Shelf.jsx" path="/Users/courtney/dev/tonights_special/app/javascript/components/Shelf.jsx">
      <metrics statements="4" coveredstatements="4" conditionals="6" coveredconditionals="5" methods="3" coveredmethods="3"/>
      <line num="5" count="2" type="stmt"/>
      <line num="14" count="12" type="stmt"/>
      <line num="23" count="1" type="stmt"/>
      <line num="43" count="23" type="stmt"/>
    </file>
    <file name="ShelfItems.jsx" path="/Users/courtney/dev/tonights_special/app/javascript/components/ShelfItems.jsx">
      <metrics statements="3" coveredstatements="3" conditionals="2" coveredconditionals="1" methods="2" coveredmethods="2"/>
      <line num="3" count="2" type="stmt"/>
      <line num="4" count="11" type="stmt"/>
      <line num="7" count="1" type="stmt"/>
    </file>
    <file name="SideNav.jsx" path="/Users/courtney/dev/tonights_special/app/javascript/components/SideNav.jsx">
      <metrics statements="18" coveredstatements="18" conditionals="14" coveredconditionals="13" methods="6" coveredmethods="6"/>
      <line num="4" count="1" type="stmt"/>
      <line num="5" count="24" type="stmt"/>
      <line num="6" count="24" type="stmt"/>
      <line num="8" count="24" type="stmt"/>
      <line num="9" count="8" type="stmt"/>
      <line num="12" count="24" type="stmt"/>
      <line num="13" count="2" type="stmt"/>
      <line num="15" count="2" type="stmt"/>
      <line num="17" count="2" type="stmt"/>
      <line num="18" count="2" type="stmt"/>
      <line num="26" count="1" type="cond" truecount="1" falsecount="1"/>
      <line num="27" count="1" type="stmt"/>
      <line num="30" count="1" type="stmt"/>
      <line num="34" count="24" type="cond" truecount="2" falsecount="0"/>
      <line num="36" count="23" type="stmt"/>
      <line num="40" count="6" type="stmt"/>
      <line num="51" count="1" type="stmt"/>
      <line num="63" count="1" type="stmt"/>
    </file>
    <file name="ToggleButton.jsx" path="/Users/courtney/dev/tonights_special/app/javascript/components/ToggleButton.jsx">
      <metrics statements="2" coveredstatements="2" conditionals="2" coveredconditionals="2" methods="1" coveredmethods="1"/>
      <line num="4" count="2" type="stmt"/>
      <line num="5" count="8" type="stmt"/>
    </file>
  </project>
</coverage>
