{"/Users/courtney/dev/tonights_special/app/javascript/components/AnimatedTitle.jsx": {"path":"/Users/courtney/dev/tonights_special/app/javascript/components/AnimatedTitle.jsx","statementMap":{"0":{"start":{"line":3,"column":22},"end":{"line":329,"column":1}},"1":{"start":{"line":4,"column":21},"end":{"line":4,"column":31}},"2":{"start":{"line":5,"column":20},"end":{"line":5,"column":30}},"3":{"start":{"line":6,"column":22},"end":{"line":6,"column":34}},"4":{"start":{"line":7,"column":27},"end":{"line":7,"column":39}},"5":{"start":{"line":9,"column":4},"end":{"line":77,"column":11}},"6":{"start":{"line":11,"column":8},"end":{"line":16,"column":11}},"7":{"start":{"line":12,"column":12},"end":{"line":15,"column":13}},"8":{"start":{"line":13,"column":16},"end":{"line":13,"column":72}},"9":{"start":{"line":14,"column":16},"end":{"line":14,"column":73}},"10":{"start":{"line":18,"column":8},"end":{"line":22,"column":11}},"11":{"start":{"line":19,"column":12},"end":{"line":21,"column":13}},"12":{"start":{"line":20,"column":16},"end":{"line":20,"column":40}},"13":{"start":{"line":24,"column":8},"end":{"line":26,"column":9}},"14":{"start":{"line":25,"column":12},"end":{"line":25,"column":50}},"15":{"start":{"line":28,"column":8},"end":{"line":30,"column":9}},"16":{"start":{"line":29,"column":12},"end":{"line":29,"column":55}},"17":{"start":{"line":33,"column":28},"end":{"line":53,"column":9}},"18":{"start":{"line":34,"column":12},"end":{"line":52,"column":15}},"19":{"start":{"line":35,"column":16},"end":{"line":38,"column":17}},"20":{"start":{"line":36,"column":20},"end":{"line":36,"column":30}},"21":{"start":{"line":37,"column":20},"end":{"line":37,"column":27}},"22":{"start":{"line":40,"column":29},"end":{"line":40,"column":52}},"23":{"start":{"line":41,"column":16},"end":{"line":51,"column":17}},"24":{"start":{"line":42,"column":20},"end":{"line":42,"column":80}},"25":{"start":{"line":43,"column":20},"end":{"line":43,"column":54}},"26":{"start":{"line":45,"column":34},"end":{"line":45,"column":58}},"27":{"start":{"line":46,"column":20},"end":{"line":48,"column":30}},"28":{"start":{"line":47,"column":24},"end":{"line":47,"column":56}},"29":{"start":{"line":50,"column":20},"end":{"line":50,"column":52}},"30":{"start":{"line":56,"column":8},"end":{"line":76,"column":11}},"31":{"start":{"line":58,"column":12},"end":{"line":65,"column":15}},"32":{"start":{"line":59,"column":16},"end":{"line":64,"column":17}},"33":{"start":{"line":60,"column":20},"end":{"line":63,"column":36}},"34":{"start":{"line":61,"column":24},"end":{"line":61,"column":74}},"35":{"start":{"line":62,"column":24},"end":{"line":62,"column":48}},"36":{"start":{"line":68,"column":12},"end":{"line":75,"column":51}},"37":{"start":{"line":69,"column":16},"end":{"line":74,"column":17}},"38":{"start":{"line":70,"column":20},"end":{"line":70,"column":84}},"39":{"start":{"line":71,"column":20},"end":{"line":71,"column":58}},"40":{"start":{"line":72,"column":20},"end":{"line":72,"column":87}},"41":{"start":{"line":73,"column":20},"end":{"line":73,"column":63}},"42":{"start":{"line":80,"column":31},"end":{"line":93,"column":5}},"43":{"start":{"line":81,"column":8},"end":{"line":81,"column":27}},"44":{"start":{"line":83,"column":8},"end":{"line":92,"column":15}},"45":{"start":{"line":84,"column":30},"end":{"line":84,"column":45}},"46":{"start":{"line":86,"column":36},"end":{"line":86,"column":88}},"47":{"start":{"line":87,"column":16},"end":{"line":87,"column":51}},"48":{"start":{"line":91,"column":16},"end":{"line":91,"column":56}},"49":{"start":{"line":96,"column":4},"end":{"line":328,"column":6}},"50":{"start":{"line":118,"column":31},"end":{"line":118,"column":55}},"51":{"start":{"line":126,"column":31},"end":{"line":126,"column":55}},"52":{"start":{"line":135,"column":31},"end":{"line":135,"column":55}},"53":{"start":{"line":144,"column":31},"end":{"line":144,"column":55}},"54":{"start":{"line":153,"column":31},"end":{"line":153,"column":55}},"55":{"start":{"line":161,"column":31},"end":{"line":161,"column":55}},"56":{"start":{"line":169,"column":31},"end":{"line":169,"column":55}},"57":{"start":{"line":178,"column":31},"end":{"line":178,"column":55}},"58":{"start":{"line":186,"column":31},"end":{"line":186,"column":55}},"59":{"start":{"line":195,"column":31},"end":{"line":195,"column":55}},"60":{"start":{"line":203,"column":31},"end":{"line":203,"column":56}},"61":{"start":{"line":212,"column":31},"end":{"line":212,"column":56}},"62":{"start":{"line":221,"column":31},"end":{"line":221,"column":56}},"63":{"start":{"line":230,"column":31},"end":{"line":230,"column":56}},"64":{"start":{"line":239,"column":31},"end":{"line":239,"column":56}},"65":{"start":{"line":247,"column":31},"end":{"line":247,"column":56}},"66":{"start":{"line":256,"column":31},"end":{"line":256,"column":56}},"67":{"start":{"line":265,"column":31},"end":{"line":265,"column":56}},"68":{"start":{"line":274,"column":31},"end":{"line":274,"column":56}},"69":{"start":{"line":282,"column":31},"end":{"line":282,"column":56}},"70":{"start":{"line":291,"column":31},"end":{"line":291,"column":56}},"71":{"start":{"line":300,"column":31},"end":{"line":300,"column":54}},"72":{"start":{"line":307,"column":31},"end":{"line":307,"column":54}}},"fnMap":{"0":{"name":"(anonymous_0)","decl":{"start":{"line":3,"column":22},"end":{"line":3,"column":23}},"loc":{"start":{"line":3,"column":48},"end":{"line":329,"column":1}},"line":3},"1":{"name":"(anonymous_1)","decl":{"start":{"line":9,"column":14},"end":{"line":9,"column":15}},"loc":{"start":{"line":9,"column":20},"end":{"line":77,"column":5}},"line":9},"2":{"name":"(anonymous_2)","decl":{"start":{"line":11,"column":33},"end":{"line":11,"column":34}},"loc":{"start":{"line":11,"column":41},"end":{"line":16,"column":9}},"line":11},"3":{"name":"(anonymous_3)","decl":{"start":{"line":18,"column":32},"end":{"line":18,"column":33}},"loc":{"start":{"line":18,"column":39},"end":{"line":22,"column":9}},"line":18},"4":{"name":"(anonymous_4)","decl":{"start":{"line":33,"column":28},"end":{"line":33,"column":29}},"loc":{"start":{"line":33,"column":39},"end":{"line":53,"column":9}},"line":33},"5":{"name":"(anonymous_5)","decl":{"start":{"line":34,"column":31},"end":{"line":34,"column":32}},"loc":{"start":{"line":34,"column":44},"end":{"line":52,"column":13}},"line":34},"6":{"name":"(anonymous_6)","decl":{"start":{"line":46,"column":31},"end":{"line":46,"column":32}},"loc":{"start":{"line":46,"column":37},"end":{"line":48,"column":21}},"line":46},"7":{"name":"(anonymous_7)","decl":{"start":{"line":56,"column":28},"end":{"line":56,"column":29}},"loc":{"start":{"line":56,"column":34},"end":{"line":76,"column":9}},"line":56},"8":{"name":"(anonymous_8)","decl":{"start":{"line":58,"column":36},"end":{"line":58,"column":37}},"loc":{"start":{"line":58,"column":52},"end":{"line":65,"column":13}},"line":58},"9":{"name":"(anonymous_9)","decl":{"start":{"line":60,"column":31},"end":{"line":60,"column":32}},"loc":{"start":{"line":60,"column":37},"end":{"line":63,"column":21}},"line":60},"10":{"name":"(anonymous_10)","decl":{"start":{"line":68,"column":23},"end":{"line":68,"column":24}},"loc":{"start":{"line":68,"column":29},"end":{"line":75,"column":13}},"line":68},"11":{"name":"(anonymous_11)","decl":{"start":{"line":80,"column":31},"end":{"line":80,"column":32}},"loc":{"start":{"line":80,"column":38},"end":{"line":93,"column":5}},"line":80},"12":{"name":"(anonymous_12)","decl":{"start":{"line":84,"column":18},"end":{"line":84,"column":19}},"loc":{"start":{"line":84,"column":30},"end":{"line":84,"column":45}},"line":84},"13":{"name":"(anonymous_13)","decl":{"start":{"line":85,"column":18},"end":{"line":85,"column":19}},"loc":{"start":{"line":85,"column":26},"end":{"line":88,"column":13}},"line":85},"14":{"name":"(anonymous_14)","decl":{"start":{"line":89,"column":19},"end":{"line":89,"column":20}},"loc":{"start":{"line":89,"column":25},"end":{"line":92,"column":13}},"line":89},"15":{"name":"(anonymous_15)","decl":{"start":{"line":118,"column":25},"end":{"line":118,"column":26}},"loc":{"start":{"line":118,"column":31},"end":{"line":118,"column":55}},"line":118},"16":{"name":"(anonymous_16)","decl":{"start":{"line":126,"column":25},"end":{"line":126,"column":26}},"loc":{"start":{"line":126,"column":31},"end":{"line":126,"column":55}},"line":126},"17":{"name":"(anonymous_17)","decl":{"start":{"line":135,"column":25},"end":{"line":135,"column":26}},"loc":{"start":{"line":135,"column":31},"end":{"line":135,"column":55}},"line":135},"18":{"name":"(anonymous_18)","decl":{"start":{"line":144,"column":25},"end":{"line":144,"column":26}},"loc":{"start":{"line":144,"column":31},"end":{"line":144,"column":55}},"line":144},"19":{"name":"(anonymous_19)","decl":{"start":{"line":153,"column":25},"end":{"line":153,"column":26}},"loc":{"start":{"line":153,"column":31},"end":{"line":153,"column":55}},"line":153},"20":{"name":"(anonymous_20)","decl":{"start":{"line":161,"column":25},"end":{"line":161,"column":26}},"loc":{"start":{"line":161,"column":31},"end":{"line":161,"column":55}},"line":161},"21":{"name":"(anonymous_21)","decl":{"start":{"line":169,"column":25},"end":{"line":169,"column":26}},"loc":{"start":{"line":169,"column":31},"end":{"line":169,"column":55}},"line":169},"22":{"name":"(anonymous_22)","decl":{"start":{"line":178,"column":25},"end":{"line":178,"column":26}},"loc":{"start":{"line":178,"column":31},"end":{"line":178,"column":55}},"line":178},"23":{"name":"(anonymous_23)","decl":{"start":{"line":186,"column":25},"end":{"line":186,"column":26}},"loc":{"start":{"line":186,"column":31},"end":{"line":186,"column":55}},"line":186},"24":{"name":"(anonymous_24)","decl":{"start":{"line":195,"column":25},"end":{"line":195,"column":26}},"loc":{"start":{"line":195,"column":31},"end":{"line":195,"column":55}},"line":195},"25":{"name":"(anonymous_25)","decl":{"start":{"line":203,"column":25},"end":{"line":203,"column":26}},"loc":{"start":{"line":203,"column":31},"end":{"line":203,"column":56}},"line":203},"26":{"name":"(anonymous_26)","decl":{"start":{"line":212,"column":25},"end":{"line":212,"column":26}},"loc":{"start":{"line":212,"column":31},"end":{"line":212,"column":56}},"line":212},"27":{"name":"(anonymous_27)","decl":{"start":{"line":221,"column":25},"end":{"line":221,"column":26}},"loc":{"start":{"line":221,"column":31},"end":{"line":221,"column":56}},"line":221},"28":{"name":"(anonymous_28)","decl":{"start":{"line":230,"column":25},"end":{"line":230,"column":26}},"loc":{"start":{"line":230,"column":31},"end":{"line":230,"column":56}},"line":230},"29":{"name":"(anonymous_29)","decl":{"start":{"line":239,"column":25},"end":{"line":239,"column":26}},"loc":{"start":{"line":239,"column":31},"end":{"line":239,"column":56}},"line":239},"30":{"name":"(anonymous_30)","decl":{"start":{"line":247,"column":25},"end":{"line":247,"column":26}},"loc":{"start":{"line":247,"column":31},"end":{"line":247,"column":56}},"line":247},"31":{"name":"(anonymous_31)","decl":{"start":{"line":256,"column":25},"end":{"line":256,"column":26}},"loc":{"start":{"line":256,"column":31},"end":{"line":256,"column":56}},"line":256},"32":{"name":"(anonymous_32)","decl":{"start":{"line":265,"column":25},"end":{"line":265,"column":26}},"loc":{"start":{"line":265,"column":31},"end":{"line":265,"column":56}},"line":265},"33":{"name":"(anonymous_33)","decl":{"start":{"line":274,"column":25},"end":{"line":274,"column":26}},"loc":{"start":{"line":274,"column":31},"end":{"line":274,"column":56}},"line":274},"34":{"name":"(anonymous_34)","decl":{"start":{"line":282,"column":25},"end":{"line":282,"column":26}},"loc":{"start":{"line":282,"column":31},"end":{"line":282,"column":56}},"line":282},"35":{"name":"(anonymous_35)","decl":{"start":{"line":291,"column":25},"end":{"line":291,"column":26}},"loc":{"start":{"line":291,"column":31},"end":{"line":291,"column":56}},"line":291},"36":{"name":"(anonymous_36)","decl":{"start":{"line":300,"column":25},"end":{"line":300,"column":26}},"loc":{"start":{"line":300,"column":31},"end":{"line":300,"column":54}},"line":300},"37":{"name":"(anonymous_37)","decl":{"start":{"line":307,"column":25},"end":{"line":307,"column":26}},"loc":{"start":{"line":307,"column":31},"end":{"line":307,"column":54}},"line":307}},"branchMap":{"0":{"loc":{"start":{"line":12,"column":12},"end":{"line":15,"column":13}},"type":"if","locations":[{"start":{"line":12,"column":12},"end":{"line":15,"column":13}},{"start":{},"end":{}}],"line":12},"1":{"loc":{"start":{"line":19,"column":12},"end":{"line":21,"column":13}},"type":"if","locations":[{"start":{"line":19,"column":12},"end":{"line":21,"column":13}},{"start":{},"end":{}}],"line":19},"2":{"loc":{"start":{"line":24,"column":8},"end":{"line":26,"column":9}},"type":"if","locations":[{"start":{"line":24,"column":8},"end":{"line":26,"column":9}},{"start":{},"end":{}}],"line":24},"3":{"loc":{"start":{"line":28,"column":8},"end":{"line":30,"column":9}},"type":"if","locations":[{"start":{"line":28,"column":8},"end":{"line":30,"column":9}},{"start":{},"end":{}}],"line":28},"4":{"loc":{"start":{"line":35,"column":16},"end":{"line":38,"column":17}},"type":"if","locations":[{"start":{"line":35,"column":16},"end":{"line":38,"column":17}},{"start":{},"end":{}}],"line":35},"5":{"loc":{"start":{"line":41,"column":16},"end":{"line":51,"column":17}},"type":"if","locations":[{"start":{"line":41,"column":16},"end":{"line":51,"column":17}},{"start":{"line":49,"column":23},"end":{"line":51,"column":17}}],"line":41},"6":{"loc":{"start":{"line":45,"column":34},"end":{"line":45,"column":58}},"type":"cond-expr","locations":[{"start":{"line":45,"column":49},"end":{"line":45,"column":52}},{"start":{"line":45,"column":55},"end":{"line":45,"column":58}}],"line":45},"7":{"loc":{"start":{"line":59,"column":16},"end":{"line":64,"column":17}},"type":"if","locations":[{"start":{"line":59,"column":16},"end":{"line":64,"column":17}},{"start":{},"end":{}}],"line":59},"8":{"loc":{"start":{"line":69,"column":16},"end":{"line":74,"column":17}},"type":"if","locations":[{"start":{"line":69,"column":16},"end":{"line":74,"column":17}},{"start":{},"end":{}}],"line":69},"9":{"loc":{"start":{"line":86,"column":36},"end":{"line":86,"column":88}},"type":"cond-expr","locations":[{"start":{"line":86,"column":57},"end":{"line":86,"column":69}},{"start":{"line":86,"column":72},"end":{"line":86,"column":88}}],"line":86}},"s":{"0":1,"1":9,"2":9,"3":9,"4":9,"5":9,"6":8,"7":168,"8":168,"9":168,"10":8,"11":16,"12":16,"13":8,"14":8,"15":8,"16":8,"17":8,"18":49,"19":49,"20":1,"21":1,"22":48,"23":48,"24":48,"25":48,"26":48,"27":48,"28":41,"29":0,"30":8,"31":1,"32":2,"33":2,"34":0,"35":0,"36":1,"37":0,"38":0,"39":0,"40":0,"41":0,"42":9,"43":0,"44":0,"45":0,"46":0,"47":0,"48":0,"49":9,"50":18,"51":18,"52":18,"53":18,"54":18,"55":18,"56":18,"57":18,"58":18,"59":18,"60":18,"61":18,"62":18,"63":18,"64":18,"65":18,"66":18,"67":18,"68":18,"69":18,"70":18,"71":18,"72":18},"f":{"0":9,"1":8,"2":168,"3":16,"4":49,"5":49,"6":41,"7":1,"8":2,"9":0,"10":0,"11":0,"12":0,"13":0,"14":0,"15":18,"16":18,"17":18,"18":18,"19":18,"20":18,"21":18,"22":18,"23":18,"24":18,"25":18,"26":18,"27":18,"28":18,"29":18,"30":18,"31":18,"32":18,"33":18,"34":18,"35":18,"36":18,"37":18},"b":{"0":[168,0],"1":[16,0],"2":[8,0],"3":[8,0],"4":[1,48],"5":[48,0],"6":[2,46],"7":[2,0],"8":[0,0],"9":[0,0]},"_coverageSchema":"1a1c01bbd47fc00a2c39e90264f33305004495a9","hash":"6ded98426cad4f35c1e515dca8d6ebdbd8b3602f"}
,"/Users/courtney/dev/tonights_special/app/javascript/components/GroceryItem.jsx": {"path":"/Users/courtney/dev/tonights_special/app/javascript/components/GroceryItem.jsx","statementMap":{"0":{"start":{"line":4,"column":20},"end":{"line":164,"column":1}},"1":{"start":{"line":5,"column":36},"end":{"line":5,"column":79}},"2":{"start":{"line":6,"column":42},"end":{"line":6,"column":57}},"3":{"start":{"line":7,"column":38},"end":{"line":7,"column":53}},"4":{"start":{"line":9,"column":27},"end":{"line":18,"column":5}},"5":{"start":{"line":10,"column":8},"end":{"line":10,"column":39}},"6":{"start":{"line":10,"column":28},"end":{"line":10,"column":39}},"7":{"start":{"line":11,"column":8},"end":{"line":17,"column":9}},"8":{"start":{"line":12,"column":24},"end":{"line":12,"column":55}},"9":{"start":{"line":13,"column":12},"end":{"line":13,"column":59}},"10":{"start":{"line":15,"column":12},"end":{"line":15,"column":71}},"11":{"start":{"line":16,"column":12},"end":{"line":16,"column":23}},"12":{"start":{"line":20,"column":4},"end":{"line":27,"column":22}},"13":{"start":{"line":21,"column":8},"end":{"line":26,"column":9}},"14":{"start":{"line":22,"column":26},"end":{"line":24,"column":20}},"15":{"start":{"line":23,"column":16},"end":{"line":23,"column":38}},"16":{"start":{"line":25,"column":12},"end":{"line":25,"column":45}},"17":{"start":{"line":25,"column":25},"end":{"line":25,"column":44}},"18":{"start":{"line":29,"column":4},"end":{"line":36,"column":20}},"19":{"start":{"line":30,"column":8},"end":{"line":35,"column":9}},"20":{"start":{"line":31,"column":26},"end":{"line":33,"column":20}},"21":{"start":{"line":32,"column":16},"end":{"line":32,"column":36}},"22":{"start":{"line":34,"column":12},"end":{"line":34,"column":45}},"23":{"start":{"line":34,"column":25},"end":{"line":34,"column":44}},"24":{"start":{"line":38,"column":28},"end":{"line":65,"column":5}},"25":{"start":{"line":39,"column":8},"end":{"line":64,"column":9}},"26":{"start":{"line":40,"column":29},"end":{"line":51,"column":14}},"27":{"start":{"line":53,"column":12},"end":{"line":60,"column":13}},"28":{"start":{"line":54,"column":16},"end":{"line":54,"column":58}},"29":{"start":{"line":54,"column":36},"end":{"line":54,"column":56}},"30":{"start":{"line":55,"column":16},"end":{"line":55,"column":37}},"31":{"start":{"line":56,"column":16},"end":{"line":56,"column":36}},"32":{"start":{"line":58,"column":16},"end":{"line":58,"column":35}},"33":{"start":{"line":59,"column":16},"end":{"line":59,"column":38}},"34":{"start":{"line":62,"column":12},"end":{"line":62,"column":31}},"35":{"start":{"line":63,"column":12},"end":{"line":63,"column":34}},"36":{"start":{"line":67,"column":28},"end":{"line":97,"column":5}},"37":{"start":{"line":68,"column":8},"end":{"line":68,"column":34}},"38":{"start":{"line":68,"column":27},"end":{"line":68,"column":34}},"39":{"start":{"line":70,"column":8},"end":{"line":96,"column":9}},"40":{"start":{"line":71,"column":29},"end":{"line":82,"column":14}},"41":{"start":{"line":84,"column":12},"end":{"line":91,"column":13}},"42":{"start":{"line":85,"column":16},"end":{"line":85,"column":58}},"43":{"start":{"line":85,"column":36},"end":{"line":85,"column":56}},"44":{"start":{"line":86,"column":16},"end":{"line":86,"column":37}},"45":{"start":{"line":87,"column":16},"end":{"line":87,"column":36}},"46":{"start":{"line":89,"column":16},"end":{"line":89,"column":35}},"47":{"start":{"line":90,"column":16},"end":{"line":90,"column":38}},"48":{"start":{"line":93,"column":12},"end":{"line":93,"column":61}},"49":{"start":{"line":94,"column":12},"end":{"line":94,"column":31}},"50":{"start":{"line":95,"column":12},"end":{"line":95,"column":34}},"51":{"start":{"line":99,"column":4},"end":{"line":163,"column":6}}},"fnMap":{"0":{"name":"(anonymous_0)","decl":{"start":{"line":4,"column":20},"end":{"line":4,"column":21}},"loc":{"start":{"line":4,"column":42},"end":{"line":164,"column":1}},"line":4},"1":{"name":"(anonymous_1)","decl":{"start":{"line":9,"column":27},"end":{"line":9,"column":28}},"loc":{"start":{"line":9,"column":46},"end":{"line":18,"column":5}},"line":9},"2":{"name":"(anonymous_2)","decl":{"start":{"line":20,"column":14},"end":{"line":20,"column":15}},"loc":{"start":{"line":20,"column":20},"end":{"line":27,"column":5}},"line":20},"3":{"name":"(anonymous_3)","decl":{"start":{"line":22,"column":37},"end":{"line":22,"column":38}},"loc":{"start":{"line":22,"column":43},"end":{"line":24,"column":13}},"line":22},"4":{"name":"(anonymous_4)","decl":{"start":{"line":25,"column":19},"end":{"line":25,"column":20}},"loc":{"start":{"line":25,"column":25},"end":{"line":25,"column":44}},"line":25},"5":{"name":"(anonymous_5)","decl":{"start":{"line":29,"column":14},"end":{"line":29,"column":15}},"loc":{"start":{"line":29,"column":20},"end":{"line":36,"column":5}},"line":29},"6":{"name":"(anonymous_6)","decl":{"start":{"line":31,"column":37},"end":{"line":31,"column":38}},"loc":{"start":{"line":31,"column":43},"end":{"line":33,"column":13}},"line":31},"7":{"name":"(anonymous_7)","decl":{"start":{"line":34,"column":19},"end":{"line":34,"column":20}},"loc":{"start":{"line":34,"column":25},"end":{"line":34,"column":44}},"line":34},"8":{"name":"(anonymous_8)","decl":{"start":{"line":38,"column":28},"end":{"line":38,"column":29}},"loc":{"start":{"line":38,"column":40},"end":{"line":65,"column":5}},"line":38},"9":{"name":"(anonymous_9)","decl":{"start":{"line":54,"column":28},"end":{"line":54,"column":29}},"loc":{"start":{"line":54,"column":36},"end":{"line":54,"column":56}},"line":54},"10":{"name":"(anonymous_10)","decl":{"start":{"line":67,"column":28},"end":{"line":67,"column":29}},"loc":{"start":{"line":67,"column":40},"end":{"line":97,"column":5}},"line":67},"11":{"name":"(anonymous_11)","decl":{"start":{"line":85,"column":28},"end":{"line":85,"column":29}},"loc":{"start":{"line":85,"column":36},"end":{"line":85,"column":56}},"line":85}},"branchMap":{"0":{"loc":{"start":{"line":4,"column":23},"end":{"line":4,"column":35}},"type":"default-arg","locations":[{"start":{"line":4,"column":33},"end":{"line":4,"column":35}}],"line":4},"1":{"loc":{"start":{"line":5,"column":56},"end":{"line":5,"column":77}},"type":"binary-expr","locations":[{"start":{"line":5,"column":56},"end":{"line":5,"column":72}},{"start":{"line":5,"column":76},"end":{"line":5,"column":77}}],"line":5},"2":{"loc":{"start":{"line":10,"column":8},"end":{"line":10,"column":39}},"type":"if","locations":[{"start":{"line":10,"column":8},"end":{"line":10,"column":39}},{"start":{},"end":{}}],"line":10},"3":{"loc":{"start":{"line":21,"column":8},"end":{"line":26,"column":9}},"type":"if","locations":[{"start":{"line":21,"column":8},"end":{"line":26,"column":9}},{"start":{},"end":{}}],"line":21},"4":{"loc":{"start":{"line":30,"column":8},"end":{"line":35,"column":9}},"type":"if","locations":[{"start":{"line":30,"column":8},"end":{"line":35,"column":9}},{"start":{},"end":{}}],"line":30},"5":{"loc":{"start":{"line":53,"column":12},"end":{"line":60,"column":13}},"type":"if","locations":[{"start":{"line":53,"column":12},"end":{"line":60,"column":13}},{"start":{"line":57,"column":19},"end":{"line":60,"column":13}}],"line":53},"6":{"loc":{"start":{"line":68,"column":8},"end":{"line":68,"column":34}},"type":"if","locations":[{"start":{"line":68,"column":8},"end":{"line":68,"column":34}},{"start":{},"end":{}}],"line":68},"7":{"loc":{"start":{"line":84,"column":12},"end":{"line":91,"column":13}},"type":"if","locations":[{"start":{"line":84,"column":12},"end":{"line":91,"column":13}},{"start":{"line":88,"column":19},"end":{"line":91,"column":13}}],"line":84},"8":{"loc":{"start":{"line":103,"column":20},"end":{"line":107,"column":54}},"type":"cond-expr","locations":[{"start":{"line":104,"column":26},"end":{"line":104,"column":72}},{"start":{"line":105,"column":26},"end":{"line":107,"column":54}}],"line":103},"9":{"loc":{"start":{"line":105,"column":26},"end":{"line":107,"column":54}},"type":"cond-expr","locations":[{"start":{"line":106,"column":30},"end":{"line":106,"column":74}},{"start":{"line":107,"column":30},"end":{"line":107,"column":54}}],"line":105},"10":{"loc":{"start":{"line":146,"column":29},"end":{"line":146,"column":89}},"type":"cond-expr","locations":[{"start":{"line":146,"column":44},"end":{"line":146,"column":68}},{"start":{"line":146,"column":71},"end":{"line":146,"column":89}}],"line":146}},"s":{"0":1,"1":9,"2":9,"3":9,"4":9,"5":9,"6":0,"7":9,"8":9,"9":9,"10":0,"11":0,"12":9,"13":8,"14":3,"15":0,"16":3,"17":3,"18":9,"19":6,"20":1,"21":0,"22":1,"23":1,"24":9,"25":3,"26":3,"27":2,"28":2,"29":2,"30":2,"31":2,"32":0,"33":0,"34":1,"35":1,"36":9,"37":1,"38":0,"39":1,"40":1,"41":1,"42":1,"43":1,"44":1,"45":1,"46":0,"47":0,"48":0,"49":0,"50":0,"51":9},"f":{"0":9,"1":9,"2":8,"3":0,"4":3,"5":6,"6":0,"7":1,"8":3,"9":2,"10":1,"11":1},"b":{"0":[0],"1":[9,0],"2":[0,9],"3":[3,5],"4":[1,5],"5":[2,0],"6":[0,1],"7":[1,0],"8":[3,6],"9":[1,5],"10":[9,0]},"_coverageSchema":"1a1c01bbd47fc00a2c39e90264f33305004495a9","hash":"7213c268c47d39610dfd47de6fab77299b216caf"}
,"/Users/courtney/dev/tonights_special/app/javascript/components/ItemModal.jsx": {"path":"/Users/courtney/dev/tonights_special/app/javascript/components/ItemModal.jsx","statementMap":{"0":{"start":{"line":4,"column":18},"end":{"line":148,"column":1}},"1":{"start":{"line":5,"column":36},"end":{"line":11,"column":6}},"2":{"start":{"line":13,"column":25},"end":{"line":35,"column":5}},"3":{"start":{"line":14,"column":8},"end":{"line":14,"column":27}},"4":{"start":{"line":16,"column":8},"end":{"line":34,"column":9}},"5":{"start":{"line":17,"column":29},"end":{"line":23,"column":14}},"6":{"start":{"line":25,"column":12},"end":{"line":31,"column":13}},"7":{"start":{"line":26,"column":16},"end":{"line":26,"column":26}},"8":{"start":{"line":28,"column":16},"end":{"line":28,"column":41}},"9":{"start":{"line":30,"column":16},"end":{"line":30,"column":55}},"10":{"start":{"line":33,"column":12},"end":{"line":33,"column":57}},"11":{"start":{"line":37,"column":25},"end":{"line":43,"column":5}},"12":{"start":{"line":38,"column":32},"end":{"line":38,"column":40}},"13":{"start":{"line":39,"column":8},"end":{"line":42,"column":12}},"14":{"start":{"line":39,"column":29},"end":{"line":42,"column":9}},"15":{"start":{"line":45,"column":4},"end":{"line":45,"column":29}},"16":{"start":{"line":45,"column":17},"end":{"line":45,"column":29}},"17":{"start":{"line":47,"column":4},"end":{"line":147,"column":6}}},"fnMap":{"0":{"name":"(anonymous_0)","decl":{"start":{"line":4,"column":18},"end":{"line":4,"column":19}},"loc":{"start":{"line":4,"column":43},"end":{"line":148,"column":1}},"line":4},"1":{"name":"(anonymous_1)","decl":{"start":{"line":13,"column":25},"end":{"line":13,"column":26}},"loc":{"start":{"line":13,"column":38},"end":{"line":35,"column":5}},"line":13},"2":{"name":"(anonymous_2)","decl":{"start":{"line":37,"column":25},"end":{"line":37,"column":26}},"loc":{"start":{"line":37,"column":32},"end":{"line":43,"column":5}},"line":37},"3":{"name":"(anonymous_3)","decl":{"start":{"line":39,"column":20},"end":{"line":39,"column":21}},"loc":{"start":{"line":39,"column":29},"end":{"line":42,"column":9}},"line":39}},"branchMap":{"0":{"loc":{"start":{"line":25,"column":12},"end":{"line":31,"column":13}},"type":"if","locations":[{"start":{"line":25,"column":12},"end":{"line":31,"column":13}},{"start":{"line":29,"column":19},"end":{"line":31,"column":13}}],"line":25},"1":{"loc":{"start":{"line":45,"column":4},"end":{"line":45,"column":29}},"type":"if","locations":[{"start":{"line":45,"column":4},"end":{"line":45,"column":29}},{"start":{},"end":{}}],"line":45}},"s":{"0":2,"1":14,"2":14,"3":1,"4":1,"5":1,"6":1,"7":1,"8":1,"9":0,"10":0,"11":14,"12":5,"13":5,"14":5,"15":14,"16":6,"17":8},"f":{"0":14,"1":1,"2":5,"3":5},"b":{"0":[1,0],"1":[6,8]},"_coverageSchema":"1a1c01bbd47fc00a2c39e90264f33305004495a9","hash":"4a094bcb551a8c2e9e9a4a45774a72168aa25c60"}
,"/Users/courtney/dev/tonights_special/app/javascript/components/Pantry.jsx": {"path":"/Users/courtney/dev/tonights_special/app/javascript/components/Pantry.jsx","statementMap":{"0":{"start":{"line":9,"column":15},"end":{"line":160,"column":1}},"1":{"start":{"line":10,"column":42},"end":{"line":10,"column":61}},"2":{"start":{"line":11,"column":24},"end":{"line":31,"column":5}},"3":{"start":{"line":12,"column":8},"end":{"line":30,"column":9}},"4":{"start":{"line":13,"column":29},"end":{"line":17,"column":14}},"5":{"start":{"line":18,"column":25},"end":{"line":18,"column":46}},"6":{"start":{"line":19,"column":12},"end":{"line":19,"column":33}},"7":{"start":{"line":22,"column":12},"end":{"line":27,"column":14}},"8":{"start":{"line":23,"column":67},"end":{"line":26,"column":17}},"9":{"start":{"line":29,"column":12},"end":{"line":29,"column":65}},"10":{"start":{"line":33,"column":31},"end":{"line":35,"column":5}},"11":{"start":{"line":34,"column":8},"end":{"line":34,"column":28}},"12":{"start":{"line":36,"column":27},"end":{"line":39,"column":5}},"13":{"start":{"line":37,"column":20},"end":{"line":37,"column":51}},"14":{"start":{"line":38,"column":8},"end":{"line":38,"column":55}},"15":{"start":{"line":40,"column":40},"end":{"line":40,"column":52}},"16":{"start":{"line":41,"column":42},"end":{"line":41,"column":57}},"17":{"start":{"line":42,"column":50},"end":{"line":42,"column":65}},"18":{"start":{"line":43,"column":42},"end":{"line":48,"column":5}},"19":{"start":{"line":44,"column":64},"end":{"line":47,"column":9}},"20":{"start":{"line":49,"column":29},"end":{"line":51,"column":5}},"21":{"start":{"line":50,"column":8},"end":{"line":50,"column":29}},"22":{"start":{"line":52,"column":26},"end":{"line":54,"column":5}},"23":{"start":{"line":53,"column":8},"end":{"line":53,"column":33}},"24":{"start":{"line":55,"column":31},"end":{"line":57,"column":5}},"25":{"start":{"line":56,"column":8},"end":{"line":56,"column":57}},"26":{"start":{"line":58,"column":24},"end":{"line":63,"column":5}},"27":{"start":{"line":59,"column":8},"end":{"line":62,"column":12}},"28":{"start":{"line":59,"column":32},"end":{"line":62,"column":9}},"29":{"start":{"line":64,"column":22},"end":{"line":72,"column":5}},"30":{"start":{"line":65,"column":27},"end":{"line":65,"column":68}},"31":{"start":{"line":66,"column":8},"end":{"line":71,"column":10}},"32":{"start":{"line":67,"column":70},"end":{"line":70,"column":13}},"33":{"start":{"line":73,"column":30},"end":{"line":80,"column":14}},"34":{"start":{"line":74,"column":32},"end":{"line":74,"column":73}},"35":{"start":{"line":76,"column":12},"end":{"line":78,"column":14}},"36":{"start":{"line":77,"column":16},"end":{"line":77,"column":76}},"37":{"start":{"line":79,"column":12},"end":{"line":79,"column":23}},"38":{"start":{"line":81,"column":23},"end":{"line":81,"column":64}},"39":{"start":{"line":83,"column":4},"end":{"line":159,"column":6}},"40":{"start":{"line":131,"column":32},"end":{"line":140,"column":34}},"41":{"start":{"line":148,"column":35},"end":{"line":148,"column":56}},"42":{"start":{"line":155,"column":35},"end":{"line":155,"column":60}}},"fnMap":{"0":{"name":"(anonymous_0)","decl":{"start":{"line":9,"column":15},"end":{"line":9,"column":16}},"loc":{"start":{"line":9,"column":39},"end":{"line":160,"column":1}},"line":9},"1":{"name":"(anonymous_1)","decl":{"start":{"line":11,"column":24},"end":{"line":11,"column":25}},"loc":{"start":{"line":11,"column":36},"end":{"line":31,"column":5}},"line":11},"2":{"name":"(anonymous_2)","decl":{"start":{"line":23,"column":47},"end":{"line":23,"column":48}},"loc":{"start":{"line":23,"column":67},"end":{"line":26,"column":17}},"line":23},"3":{"name":"(anonymous_3)","decl":{"start":{"line":33,"column":31},"end":{"line":33,"column":32}},"loc":{"start":{"line":33,"column":53},"end":{"line":35,"column":5}},"line":33},"4":{"name":"(anonymous_4)","decl":{"start":{"line":36,"column":27},"end":{"line":36,"column":28}},"loc":{"start":{"line":36,"column":46},"end":{"line":39,"column":5}},"line":36},"5":{"name":"(anonymous_5)","decl":{"start":{"line":44,"column":44},"end":{"line":44,"column":45}},"loc":{"start":{"line":44,"column":64},"end":{"line":47,"column":9}},"line":44},"6":{"name":"(anonymous_6)","decl":{"start":{"line":49,"column":29},"end":{"line":49,"column":30}},"loc":{"start":{"line":49,"column":35},"end":{"line":51,"column":5}},"line":49},"7":{"name":"(anonymous_7)","decl":{"start":{"line":52,"column":26},"end":{"line":52,"column":27}},"loc":{"start":{"line":52,"column":32},"end":{"line":54,"column":5}},"line":52},"8":{"name":"(anonymous_8)","decl":{"start":{"line":55,"column":31},"end":{"line":55,"column":32}},"loc":{"start":{"line":55,"column":46},"end":{"line":57,"column":5}},"line":55},"9":{"name":"(anonymous_9)","decl":{"start":{"line":58,"column":24},"end":{"line":58,"column":25}},"loc":{"start":{"line":58,"column":38},"end":{"line":63,"column":5}},"line":58},"10":{"name":"(anonymous_10)","decl":{"start":{"line":59,"column":23},"end":{"line":59,"column":24}},"loc":{"start":{"line":59,"column":32},"end":{"line":62,"column":9}},"line":59},"11":{"name":"(anonymous_11)","decl":{"start":{"line":64,"column":22},"end":{"line":64,"column":23}},"loc":{"start":{"line":64,"column":28},"end":{"line":72,"column":5}},"line":64},"12":{"name":"(anonymous_12)","decl":{"start":{"line":67,"column":50},"end":{"line":67,"column":51}},"loc":{"start":{"line":67,"column":70},"end":{"line":70,"column":13}},"line":67},"13":{"name":"(anonymous_13)","decl":{"start":{"line":74,"column":14},"end":{"line":74,"column":15}},"loc":{"start":{"line":74,"column":32},"end":{"line":74,"column":73}},"line":74},"14":{"name":"(anonymous_14)","decl":{"start":{"line":75,"column":16},"end":{"line":75,"column":17}},"loc":{"start":{"line":75,"column":44},"end":{"line":80,"column":9}},"line":75},"15":{"name":"(anonymous_15)","decl":{"start":{"line":76,"column":41},"end":{"line":76,"column":42}},"loc":{"start":{"line":77,"column":16},"end":{"line":77,"column":76}},"line":77},"16":{"name":"(anonymous_16)","decl":{"start":{"line":130,"column":67},"end":{"line":130,"column":68}},"loc":{"start":{"line":131,"column":32},"end":{"line":140,"column":34}},"line":131},"17":{"name":"(anonymous_17)","decl":{"start":{"line":148,"column":29},"end":{"line":148,"column":30}},"loc":{"start":{"line":148,"column":35},"end":{"line":148,"column":56}},"line":148},"18":{"name":"(anonymous_18)","decl":{"start":{"line":155,"column":29},"end":{"line":155,"column":30}},"loc":{"start":{"line":155,"column":35},"end":{"line":155,"column":60}},"line":155}},"branchMap":{"0":{"loc":{"start":{"line":9,"column":18},"end":{"line":9,"column":32}},"type":"default-arg","locations":[{"start":{"line":9,"column":30},"end":{"line":9,"column":32}}],"line":9},"1":{"loc":{"start":{"line":23,"column":28},"end":{"line":23,"column":38}},"type":"binary-expr","locations":[{"start":{"line":23,"column":28},"end":{"line":23,"column":32}},{"start":{"line":23,"column":36},"end":{"line":23,"column":38}}],"line":23},"2":{"loc":{"start":{"line":44,"column":20},"end":{"line":44,"column":35}},"type":"binary-expr","locations":[{"start":{"line":44,"column":20},"end":{"line":44,"column":29}},{"start":{"line":44,"column":33},"end":{"line":44,"column":35}}],"line":44},"3":{"loc":{"start":{"line":67,"column":24},"end":{"line":67,"column":41}},"type":"binary-expr","locations":[{"start":{"line":67,"column":24},"end":{"line":67,"column":35}},{"start":{"line":67,"column":39},"end":{"line":67,"column":41}}],"line":67},"4":{"loc":{"start":{"line":73,"column":45},"end":{"line":73,"column":62}},"type":"binary-expr","locations":[{"start":{"line":73,"column":45},"end":{"line":73,"column":56}},{"start":{"line":73,"column":60},"end":{"line":73,"column":62}}],"line":73},"5":{"loc":{"start":{"line":91,"column":21},"end":{"line":102,"column":21}},"type":"binary-expr","locations":[{"start":{"line":91,"column":21},"end":{"line":91,"column":62}},{"start":{"line":92,"column":24},"end":{"line":101,"column":30}}],"line":91},"6":{"loc":{"start":{"line":91,"column":33},"end":{"line":91,"column":50}},"type":"binary-expr","locations":[{"start":{"line":91,"column":33},"end":{"line":91,"column":44}},{"start":{"line":91,"column":48},"end":{"line":91,"column":50}}],"line":91},"7":{"loc":{"start":{"line":124,"column":21},"end":{"line":143,"column":21}},"type":"cond-expr","locations":[{"start":{"line":125,"column":24},"end":{"line":127,"column":30}},{"start":{"line":129,"column":24},"end":{"line":142,"column":30}}],"line":124},"8":{"loc":{"start":{"line":124,"column":33},"end":{"line":124,"column":50}},"type":"binary-expr","locations":[{"start":{"line":124,"column":33},"end":{"line":124,"column":44}},{"start":{"line":124,"column":48},"end":{"line":124,"column":50}}],"line":124},"9":{"loc":{"start":{"line":149,"column":42},"end":{"line":149,"column":57}},"type":"binary-expr","locations":[{"start":{"line":149,"column":42},"end":{"line":149,"column":51}},{"start":{"line":149,"column":55},"end":{"line":149,"column":57}}],"line":149}},"s":{"0":1,"1":6,"2":6,"3":0,"4":0,"5":0,"6":0,"7":0,"8":0,"9":0,"10":6,"11":0,"12":6,"13":9,"14":9,"15":6,"16":6,"17":6,"18":6,"19":5,"20":6,"21":1,"22":6,"23":0,"24":6,"25":0,"26":6,"27":0,"28":0,"29":6,"30":0,"31":0,"32":0,"33":6,"34":0,"35":5,"36":10,"37":5,"38":6,"39":6,"40":5,"41":0,"42":0},"f":{"0":6,"1":0,"2":0,"3":0,"4":9,"5":5,"6":1,"7":0,"8":0,"9":0,"10":0,"11":0,"12":0,"13":0,"14":5,"15":10,"16":5,"17":0,"18":0},"b":{"0":[0],"1":[0,0],"2":[6,0],"3":[0,0],"4":[6,0],"5":[6,5],"6":[6,0],"7":[1,5],"8":[6,0],"9":[6,0]},"_coverageSchema":"1a1c01bbd47fc00a2c39e90264f33305004495a9","hash":"efce26d78487be2dcb4e2bed2b66b584cac6c1da"}
,"/Users/courtney/dev/tonights_special/app/javascript/components/SearchBar.jsx": {"path":"/Users/courtney/dev/tonights_special/app/javascript/components/SearchBar.jsx","statementMap":{"0":{"start":{"line":4,"column":18},"end":{"line":20,"column":1}},"1":{"start":{"line":5,"column":4},"end":{"line":19,"column":6}},"2":{"start":{"line":16,"column":33},"end":{"line":16,"column":62}}},"fnMap":{"0":{"name":"(anonymous_0)","decl":{"start":{"line":4,"column":18},"end":{"line":4,"column":19}},"loc":{"start":{"line":4,"column":53},"end":{"line":20,"column":1}},"line":4},"1":{"name":"(anonymous_1)","decl":{"start":{"line":16,"column":26},"end":{"line":16,"column":27}},"loc":{"start":{"line":16,"column":33},"end":{"line":16,"column":62}},"line":16}},"branchMap":{},"s":{"0":2,"1":8,"2":2},"f":{"0":8,"1":2},"b":{},"_coverageSchema":"1a1c01bbd47fc00a2c39e90264f33305004495a9","hash":"b14208d87921273f0dda3292bdfdbc82770bf89d"}
,"/Users/courtney/dev/tonights_special/app/javascript/components/SectionModal.jsx": {"path":"/Users/courtney/dev/tonights_special/app/javascript/components/SectionModal.jsx","statementMap":{"0":{"start":{"line":4,"column":19},"end":{"line":8,"column":1}},"1":{"start":{"line":5,"column":4},"end":{"line":7,"column":10}},"2":{"start":{"line":10,"column":21},"end":{"line":143,"column":1}},"3":{"start":{"line":11,"column":36},"end":{"line":13,"column":6}},"4":{"start":{"line":14,"column":30},"end":{"line":14,"column":44}},"5":{"start":{"line":15,"column":44},"end":{"line":15,"column":59}},"6":{"start":{"line":18,"column":4},"end":{"line":23,"column":17}},"7":{"start":{"line":19,"column":8},"end":{"line":22,"column":9}},"8":{"start":{"line":20,"column":12},"end":{"line":20,"column":38}},"9":{"start":{"line":21,"column":12},"end":{"line":21,"column":27}},"10":{"start":{"line":25,"column":25},"end":{"line":85,"column":5}},"11":{"start":{"line":26,"column":8},"end":{"line":26,"column":27}},"12":{"start":{"line":27,"column":8},"end":{"line":27,"column":28}},"13":{"start":{"line":29,"column":8},"end":{"line":29,"column":23}},"14":{"start":{"line":30,"column":8},"end":{"line":30,"column":30}},"15":{"start":{"line":32,"column":8},"end":{"line":84,"column":9}},"16":{"start":{"line":33,"column":25},"end":{"line":33,"column":79}},"17":{"start":{"line":34,"column":12},"end":{"line":36,"column":13}},"18":{"start":{"line":35,"column":16},"end":{"line":35,"column":56}},"19":{"start":{"line":38,"column":31},"end":{"line":41,"column":13}},"20":{"start":{"line":43,"column":29},"end":{"line":52,"column":14}},"21":{"start":{"line":54,"column":33},"end":{"line":54,"column":54}},"22":{"start":{"line":56,"column":12},"end":{"line":62,"column":13}},"23":{"start":{"line":57,"column":16},"end":{"line":57,"column":48}},"24":{"start":{"line":59,"column":16},"end":{"line":59,"column":59}},"25":{"start":{"line":60,"column":16},"end":{"line":60,"column":97}},"26":{"start":{"line":61,"column":16},"end":{"line":61,"column":23}},"27":{"start":{"line":64,"column":12},"end":{"line":70,"column":13}},"28":{"start":{"line":65,"column":37},"end":{"line":67,"column":65}},"29":{"start":{"line":68,"column":16},"end":{"line":68,"column":39}},"30":{"start":{"line":69,"column":16},"end":{"line":69,"column":23}},"31":{"start":{"line":73,"column":12},"end":{"line":73,"column":38}},"32":{"start":{"line":75,"column":12},"end":{"line":77,"column":13}},"33":{"start":{"line":76,"column":16},"end":{"line":76,"column":32}},"34":{"start":{"line":78,"column":12},"end":{"line":78,"column":22}},"35":{"start":{"line":81,"column":12},"end":{"line":81,"column":72}},"36":{"start":{"line":83,"column":12},"end":{"line":83,"column":35}},"37":{"start":{"line":87,"column":25},"end":{"line":92,"column":5}},"38":{"start":{"line":88,"column":8},"end":{"line":91,"column":12}},"39":{"start":{"line":88,"column":29},"end":{"line":91,"column":9}},"40":{"start":{"line":94,"column":4},"end":{"line":94,"column":29}},"41":{"start":{"line":94,"column":17},"end":{"line":94,"column":29}},"42":{"start":{"line":96,"column":4},"end":{"line":142,"column":6}}},"fnMap":{"0":{"name":"(anonymous_0)","decl":{"start":{"line":4,"column":19},"end":{"line":4,"column":20}},"loc":{"start":{"line":5,"column":4},"end":{"line":7,"column":10}},"line":5},"1":{"name":"(anonymous_1)","decl":{"start":{"line":10,"column":21},"end":{"line":10,"column":22}},"loc":{"start":{"line":10,"column":71},"end":{"line":143,"column":1}},"line":10},"2":{"name":"(anonymous_2)","decl":{"start":{"line":18,"column":20},"end":{"line":18,"column":21}},"loc":{"start":{"line":18,"column":26},"end":{"line":23,"column":5}},"line":18},"3":{"name":"(anonymous_3)","decl":{"start":{"line":25,"column":25},"end":{"line":25,"column":26}},"loc":{"start":{"line":25,"column":38},"end":{"line":85,"column":5}},"line":25},"4":{"name":"(anonymous_4)","decl":{"start":{"line":87,"column":25},"end":{"line":87,"column":26}},"loc":{"start":{"line":87,"column":32},"end":{"line":92,"column":5}},"line":87},"5":{"name":"(anonymous_5)","decl":{"start":{"line":88,"column":20},"end":{"line":88,"column":21}},"loc":{"start":{"line":88,"column":29},"end":{"line":91,"column":9}},"line":88}},"branchMap":{"0":{"loc":{"start":{"line":10,"column":52},"end":{"line":10,"column":64}},"type":"default-arg","locations":[{"start":{"line":10,"column":63},"end":{"line":10,"column":64}}],"line":10},"1":{"loc":{"start":{"line":19,"column":8},"end":{"line":22,"column":9}},"type":"if","locations":[{"start":{"line":19,"column":8},"end":{"line":22,"column":9}},{"start":{},"end":{}}],"line":19},"2":{"loc":{"start":{"line":34,"column":12},"end":{"line":36,"column":13}},"type":"if","locations":[{"start":{"line":34,"column":12},"end":{"line":36,"column":13}},{"start":{},"end":{}}],"line":34},"3":{"loc":{"start":{"line":64,"column":12},"end":{"line":70,"column":13}},"type":"if","locations":[{"start":{"line":64,"column":12},"end":{"line":70,"column":13}},{"start":{},"end":{}}],"line":64},"4":{"loc":{"start":{"line":65,"column":37},"end":{"line":67,"column":65}},"type":"cond-expr","locations":[{"start":{"line":66,"column":20},"end":{"line":66,"column":42}},{"start":{"line":67,"column":20},"end":{"line":67,"column":65}}],"line":65},"5":{"loc":{"start":{"line":75,"column":12},"end":{"line":77,"column":13}},"type":"if","locations":[{"start":{"line":75,"column":12},"end":{"line":77,"column":13}},{"start":{},"end":{}}],"line":75},"6":{"loc":{"start":{"line":94,"column":4},"end":{"line":94,"column":29}},"type":"if","locations":[{"start":{"line":94,"column":4},"end":{"line":94,"column":29}},{"start":{},"end":{}}],"line":94},"7":{"loc":{"start":{"line":109,"column":17},"end":{"line":109,"column":56}},"type":"binary-expr","locations":[{"start":{"line":109,"column":17},"end":{"line":109,"column":22}},{"start":{"line":109,"column":26},"end":{"line":109,"column":56}}],"line":109},"8":{"loc":{"start":{"line":137,"column":25},"end":{"line":137,"column":72}},"type":"cond-expr","locations":[{"start":{"line":137,"column":40},"end":{"line":137,"column":53}},{"start":{"line":137,"column":56},"end":{"line":137,"column":72}}],"line":137}},"s":{"0":2,"1":1,"2":2,"3":17,"4":17,"5":17,"6":17,"7":8,"8":4,"9":4,"10":17,"11":2,"12":2,"13":2,"14":2,"15":2,"16":2,"17":2,"18":0,"19":2,"20":2,"21":1,"22":1,"23":1,"24":0,"25":0,"26":0,"27":1,"28":0,"29":0,"30":0,"31":1,"32":1,"33":1,"34":1,"35":1,"36":2,"37":17,"38":1,"39":1,"40":17,"41":5,"42":12},"f":{"0":1,"1":17,"2":8,"3":2,"4":1,"5":1},"b":{"0":[10],"1":[4,4],"2":[0,2],"3":[0,1],"4":[0,0],"5":[1,0],"6":[5,12],"7":[12,1],"8":[2,10]},"_coverageSchema":"1a1c01bbd47fc00a2c39e90264f33305004495a9","hash":"6afba3ed25ba53c443bbe7b84e12d93859f4fcac"}
,"/Users/courtney/dev/tonights_special/app/javascript/components/Shelf.jsx": {"path":"/Users/courtney/dev/tonights_special/app/javascript/components/Shelf.jsx","statementMap":{"0":{"start":{"line":5,"column":14},"end":{"line":57,"column":1}},"1":{"start":{"line":14,"column":4},"end":{"line":56,"column":6}},"2":{"start":{"line":23,"column":31},"end":{"line":23,"column":49}},"3":{"start":{"line":43,"column":28},"end":{"line":50,"column":30}}},"fnMap":{"0":{"name":"(anonymous_0)","decl":{"start":{"line":5,"column":14},"end":{"line":5,"column":15}},"loc":{"start":{"line":13,"column":21},"end":{"line":57,"column":1}},"line":13},"1":{"name":"(anonymous_1)","decl":{"start":{"line":23,"column":25},"end":{"line":23,"column":26}},"loc":{"start":{"line":23,"column":31},"end":{"line":23,"column":49}},"line":23},"2":{"name":"(anonymous_2)","decl":{"start":{"line":42,"column":35},"end":{"line":42,"column":36}},"loc":{"start":{"line":43,"column":28},"end":{"line":50,"column":30}},"line":43}},"branchMap":{"0":{"loc":{"start":{"line":27,"column":17},"end":{"line":31,"column":17}},"type":"cond-expr","locations":[{"start":{"line":28,"column":20},"end":{"line":28,"column":69}},{"start":{"line":30,"column":20},"end":{"line":30,"column":71}}],"line":27},"1":{"loc":{"start":{"line":37,"column":20},"end":{"line":37,"column":78}},"type":"cond-expr","locations":[{"start":{"line":37,"column":29},"end":{"line":37,"column":56}},{"start":{"line":37,"column":59},"end":{"line":37,"column":78}}],"line":37},"2":{"loc":{"start":{"line":44,"column":37},"end":{"line":44,"column":58}},"type":"binary-expr","locations":[{"start":{"line":44,"column":37},"end":{"line":44,"column":45}},{"start":{"line":44,"column":49},"end":{"line":44,"column":58}}],"line":44}},"s":{"0":2,"1":12,"2":1,"3":23},"f":{"0":12,"1":1,"2":23},"b":{"0":[7,5],"1":[7,5],"2":[23,0]},"_coverageSchema":"1a1c01bbd47fc00a2c39e90264f33305004495a9","hash":"4f9d731e1b96c655222f487989466518b0d50a61"}
,"/Users/courtney/dev/tonights_special/app/javascript/components/ShelfItems.jsx": {"path":"/Users/courtney/dev/tonights_special/app/javascript/components/ShelfItems.jsx","statementMap":{"0":{"start":{"line":3,"column":19},"end":{"line":26,"column":1}},"1":{"start":{"line":4,"column":4},"end":{"line":25,"column":6}},"2":{"start":{"line":7,"column":27},"end":{"line":7,"column":47}}},"fnMap":{"0":{"name":"(anonymous_0)","decl":{"start":{"line":3,"column":19},"end":{"line":3,"column":20}},"loc":{"start":{"line":3,"column":88},"end":{"line":26,"column":1}},"line":3},"1":{"name":"(anonymous_1)","decl":{"start":{"line":7,"column":21},"end":{"line":7,"column":22}},"loc":{"start":{"line":7,"column":27},"end":{"line":7,"column":47}},"line":7}},"branchMap":{"0":{"loc":{"start":{"line":6,"column":17},"end":{"line":6,"column":38}},"type":"binary-expr","locations":[{"start":{"line":6,"column":17},"end":{"line":6,"column":25}},{"start":{"line":6,"column":29},"end":{"line":6,"column":38}}],"line":6}},"s":{"0":2,"1":11,"2":1},"f":{"0":11,"1":1},"b":{"0":[11,0]},"_coverageSchema":"1a1c01bbd47fc00a2c39e90264f33305004495a9","hash":"7021ed95836cb3e749af9a03c8108d036fb643f7"}
,"/Users/courtney/dev/tonights_special/app/javascript/components/SideNav.jsx": {"path":"/Users/courtney/dev/tonights_special/app/javascript/components/SideNav.jsx","statementMap":{"0":{"start":{"line":4,"column":16},"end":{"line":116,"column":1}},"1":{"start":{"line":5,"column":32},"end":{"line":5,"column":47}},"2":{"start":{"line":6,"column":42},"end":{"line":6,"column":54}},"3":{"start":{"line":8,"column":4},"end":{"line":10,"column":11}},"4":{"start":{"line":9,"column":8},"end":{"line":9,"column":49}},"5":{"start":{"line":12,"column":26},"end":{"line":32,"column":5}},"6":{"start":{"line":13,"column":8},"end":{"line":13,"column":27}},"7":{"start":{"line":15,"column":26},"end":{"line":15,"column":84}},"8":{"start":{"line":17,"column":8},"end":{"line":31,"column":9}},"9":{"start":{"line":18,"column":29},"end":{"line":24,"column":14}},"10":{"start":{"line":26,"column":12},"end":{"line":28,"column":13}},"11":{"start":{"line":27,"column":16},"end":{"line":27,"column":43}},"12":{"start":{"line":30,"column":12},"end":{"line":30,"column":53}},"13":{"start":{"line":34,"column":4},"end":{"line":34,"column":41}},"14":{"start":{"line":34,"column":29},"end":{"line":34,"column":41}},"15":{"start":{"line":36,"column":4},"end":{"line":115,"column":6}},"16":{"start":{"line":40,"column":31},"end":{"line":40,"column":46}},"17":{"start":{"line":51,"column":35},"end":{"line":51,"column":51}},"18":{"start":{"line":63,"column":39},"end":{"line":63,"column":55}}},"fnMap":{"0":{"name":"(anonymous_0)","decl":{"start":{"line":4,"column":16},"end":{"line":4,"column":17}},"loc":{"start":{"line":4,"column":22},"end":{"line":116,"column":1}},"line":4},"1":{"name":"(anonymous_1)","decl":{"start":{"line":8,"column":14},"end":{"line":8,"column":15}},"loc":{"start":{"line":8,"column":20},"end":{"line":10,"column":5}},"line":8},"2":{"name":"(anonymous_2)","decl":{"start":{"line":12,"column":26},"end":{"line":12,"column":27}},"loc":{"start":{"line":12,"column":39},"end":{"line":32,"column":5}},"line":12},"3":{"name":"(anonymous_3)","decl":{"start":{"line":40,"column":25},"end":{"line":40,"column":26}},"loc":{"start":{"line":40,"column":31},"end":{"line":40,"column":46}},"line":40},"4":{"name":"(anonymous_4)","decl":{"start":{"line":51,"column":29},"end":{"line":51,"column":30}},"loc":{"start":{"line":51,"column":35},"end":{"line":51,"column":51}},"line":51},"5":{"name":"(anonymous_5)","decl":{"start":{"line":63,"column":33},"end":{"line":63,"column":34}},"loc":{"start":{"line":63,"column":39},"end":{"line":63,"column":55}},"line":63}},"branchMap":{"0":{"loc":{"start":{"line":26,"column":12},"end":{"line":28,"column":13}},"type":"if","locations":[{"start":{"line":26,"column":12},"end":{"line":28,"column":13}},{"start":{},"end":{}}],"line":26},"1":{"loc":{"start":{"line":34,"column":4},"end":{"line":34,"column":41}},"type":"if","locations":[{"start":{"line":34,"column":4},"end":{"line":34,"column":41}},{"start":{},"end":{}}],"line":34},"2":{"loc":{"start":{"line":48,"column":13},"end":{"line":53,"column":13}},"type":"binary-expr","locations":[{"start":{"line":48,"column":13},"end":{"line":48,"column":19}},{"start":{"line":49,"column":16},"end":{"line":52,"column":18}}],"line":48},"3":{"loc":{"start":{"line":58,"column":20},"end":{"line":58,"column":66}},"type":"cond-expr","locations":[{"start":{"line":58,"column":29},"end":{"line":58,"column":44}},{"start":{"line":58,"column":47},"end":{"line":58,"column":66}}],"line":58},"4":{"loc":{"start":{"line":71,"column":25},"end":{"line":79,"column":25}},"type":"binary-expr","locations":[{"start":{"line":71,"column":25},"end":{"line":71,"column":51}},{"start":{"line":72,"column":28},"end":{"line":78,"column":32}}],"line":71},"5":{"loc":{"start":{"line":81,"column":25},"end":{"line":89,"column":25}},"type":"binary-expr","locations":[{"start":{"line":81,"column":25},"end":{"line":81,"column":57}},{"start":{"line":82,"column":28},"end":{"line":88,"column":32}}],"line":81},"6":{"loc":{"start":{"line":91,"column":25},"end":{"line":99,"column":25}},"type":"binary-expr","locations":[{"start":{"line":91,"column":25},"end":{"line":91,"column":53}},{"start":{"line":92,"column":28},"end":{"line":98,"column":32}}],"line":91}},"s":{"0":1,"1":24,"2":24,"3":24,"4":8,"5":24,"6":2,"7":2,"8":2,"9":2,"10":1,"11":1,"12":1,"13":24,"14":1,"15":23,"16":6,"17":1,"18":1},"f":{"0":24,"1":8,"2":2,"3":6,"4":1,"5":1},"b":{"0":[1,0],"1":[1,23],"2":[23,6],"3":[6,17],"4":[23,21],"5":[23,23],"6":[23,23]},"_coverageSchema":"1a1c01bbd47fc00a2c39e90264f33305004495a9","hash":"41f146ac7ea9e8203f1b973f0caf3aa8f08821b4"}
,"/Users/courtney/dev/tonights_special/app/javascript/components/ToggleButton.jsx": {"path":"/Users/courtney/dev/tonights_special/app/javascript/components/ToggleButton.jsx","statementMap":{"0":{"start":{"line":4,"column":21},"end":{"line":23,"column":1}},"1":{"start":{"line":5,"column":4},"end":{"line":22,"column":6}}},"fnMap":{"0":{"name":"(anonymous_0)","decl":{"start":{"line":4,"column":21},"end":{"line":4,"column":22}},"loc":{"start":{"line":4,"column":52},"end":{"line":23,"column":1}},"line":4}},"branchMap":{"0":{"loc":{"start":{"line":10,"column":13},"end":{"line":20,"column":13}},"type":"cond-expr","locations":[{"start":{"line":11,"column":16},"end":{"line":14,"column":19}},{"start":{"line":16,"column":16},"end":{"line":19,"column":19}}],"line":10}},"s":{"0":2,"1":8},"f":{"0":8},"b":{"0":[6,2]},"_coverageSchema":"1a1c01bbd47fc00a2c39e90264f33305004495a9","hash":"d827bdf7a979fd2fa824451a45184ad87d13a186"}
}
