TN:
SF:app/javascript/components/AnimatedTitle.jsx
FN:3,(anonymous_0)
FN:9,(anonymous_1)
FN:11,(anonymous_2)
FN:18,(anonymous_3)
FN:33,(anonymous_4)
FN:34,(anonymous_5)
FN:46,(anonymous_6)
FN:56,(anonymous_7)
FN:58,(anonymous_8)
FN:60,(anonymous_9)
FN:68,(anonymous_10)
FN:80,(anonymous_11)
FN:84,(anonymous_12)
FN:85,(anonymous_13)
FN:89,(anonymous_14)
FN:118,(anonymous_15)
FN:126,(anonymous_16)
FN:135,(anonymous_17)
FN:144,(anonymous_18)
FN:153,(anonymous_19)
FN:161,(anonymous_20)
FN:169,(anonymous_21)
FN:178,(anonymous_22)
FN:186,(anonymous_23)
FN:195,(anonymous_24)
FN:203,(anonymous_25)
FN:212,(anonymous_26)
FN:221,(anonymous_27)
FN:230,(anonymous_28)
FN:239,(anonymous_29)
FN:247,(anonymous_30)
FN:256,(anonymous_31)
FN:265,(anonymous_32)
FN:274,(anonymous_33)
FN:282,(anonymous_34)
FN:291,(anonymous_35)
FN:300,(anonymous_36)
FN:307,(anonymous_37)
FNF:38
FNH:32
FNDA:9,(anonymous_0)
FNDA:8,(anonymous_1)
FNDA:168,(anonymous_2)
FNDA:16,(anonymous_3)
FNDA:49,(anonymous_4)
FNDA:49,(anonymous_5)
FNDA:41,(anonymous_6)
FNDA:1,(anonymous_7)
FNDA:2,(anonymous_8)
FNDA:0,(anonymous_9)
FNDA:0,(anonymous_10)
FNDA:0,(anonymous_11)
FNDA:0,(anonymous_12)
FNDA:0,(anonymous_13)
FNDA:0,(anonymous_14)
FNDA:18,(anonymous_15)
FNDA:18,(anonymous_16)
FNDA:18,(anonymous_17)
FNDA:18,(anonymous_18)
FNDA:18,(anonymous_19)
FNDA:18,(anonymous_20)
FNDA:18,(anonymous_21)
FNDA:18,(anonymous_22)
FNDA:18,(anonymous_23)
FNDA:18,(anonymous_24)
FNDA:18,(anonymous_25)
FNDA:18,(anonymous_26)
FNDA:18,(anonymous_27)
FNDA:18,(anonymous_28)
FNDA:18,(anonymous_29)
FNDA:18,(anonymous_30)
FNDA:18,(anonymous_31)
FNDA:18,(anonymous_32)
FNDA:18,(anonymous_33)
FNDA:18,(anonymous_34)
FNDA:18,(anonymous_35)
FNDA:18,(anonymous_36)
FNDA:18,(anonymous_37)
DA:3,1
DA:4,9
DA:5,9
DA:6,9
DA:7,9
DA:9,9
DA:11,8
DA:12,168
DA:13,168
DA:14,168
DA:18,8
DA:19,16
DA:20,16
DA:24,8
DA:25,8
DA:28,8
DA:29,8
DA:33,8
DA:34,49
DA:35,49
DA:36,1
DA:37,1
DA:40,48
DA:41,48
DA:42,48
DA:43,48
DA:45,48
DA:46,48
DA:47,41
DA:50,0
DA:56,8
DA:58,1
DA:59,2
DA:60,2
DA:61,0
DA:62,0
DA:68,1
DA:69,0
DA:70,0
DA:71,0
DA:72,0
DA:73,0
DA:80,9
DA:81,0
DA:83,0
DA:84,0
DA:86,0
DA:87,0
DA:91,0
DA:96,9
DA:118,18
DA:126,18
DA:135,18
DA:144,18
DA:153,18
DA:161,18
DA:169,18
DA:178,18
DA:186,18
DA:195,18
DA:203,18
DA:212,18
DA:221,18
DA:230,18
DA:239,18
DA:247,18
DA:256,18
DA:265,18
DA:274,18
DA:282,18
DA:291,18
DA:300,18
DA:307,18
LF:73
LH:59
BRDA:12,0,0,168
BRDA:12,0,1,0
BRDA:19,1,0,16
BRDA:19,1,1,0
BRDA:24,2,0,8
BRDA:24,2,1,0
BRDA:28,3,0,8
BRDA:28,3,1,0
BRDA:35,4,0,1
BRDA:35,4,1,48
BRDA:41,5,0,48
BRDA:41,5,1,0
BRDA:45,6,0,2
BRDA:45,6,1,46
BRDA:59,7,0,2
BRDA:59,7,1,0
BRDA:69,8,0,0
BRDA:69,8,1,0
BRDA:86,9,0,0
BRDA:86,9,1,0
BRF:20
BRH:10
end_of_record
TN:
SF:app/javascript/components/GroceryItem.jsx
FN:4,(anonymous_0)
FN:9,(anonymous_1)
FN:20,(anonymous_2)
FN:22,(anonymous_3)
FN:25,(anonymous_4)
FN:29,(anonymous_5)
FN:31,(anonymous_6)
FN:34,(anonymous_7)
FN:38,(anonymous_8)
FN:54,(anonymous_9)
FN:67,(anonymous_10)
FN:85,(anonymous_11)
FNF:12
FNH:10
FNDA:9,(anonymous_0)
FNDA:9,(anonymous_1)
FNDA:8,(anonymous_2)
FNDA:0,(anonymous_3)
FNDA:3,(anonymous_4)
FNDA:6,(anonymous_5)
FNDA:0,(anonymous_6)
FNDA:1,(anonymous_7)
FNDA:3,(anonymous_8)
FNDA:2,(anonymous_9)
FNDA:1,(anonymous_10)
FNDA:1,(anonymous_11)
DA:4,1
DA:5,9
DA:6,9
DA:7,9
DA:9,9
DA:10,9
DA:11,9
DA:12,9
DA:13,9
DA:15,0
DA:16,0
DA:20,9
DA:21,8
DA:22,3
DA:23,0
DA:25,3
DA:29,9
DA:30,6
DA:31,1
DA:32,0
DA:34,1
DA:38,9
DA:39,3
DA:40,3
DA:53,2
DA:54,2
DA:55,2
DA:56,2
DA:58,0
DA:59,0
DA:62,1
DA:63,1
DA:67,9
DA:68,1
DA:70,1
DA:71,1
DA:84,1
DA:85,1
DA:86,1
DA:87,1
DA:89,0
DA:90,0
DA:93,0
DA:94,0
DA:95,0
DA:99,9
LF:46
LH:35
BRDA:4,0,0,0
BRDA:5,1,0,9
BRDA:5,1,1,0
BRDA:10,2,0,0
BRDA:10,2,1,9
BRDA:21,3,0,3
BRDA:21,3,1,5
BRDA:30,4,0,1
BRDA:30,4,1,5
BRDA:53,5,0,2
BRDA:53,5,1,0
BRDA:68,6,0,0
BRDA:68,6,1,1
BRDA:84,7,0,1
BRDA:84,7,1,0
BRDA:103,8,0,3
BRDA:103,8,1,6
BRDA:105,9,0,1
BRDA:105,9,1,5
BRDA:146,10,0,9
BRDA:146,10,1,0
BRF:21
BRH:14
end_of_record
TN:
SF:app/javascript/components/ItemModal.jsx
FN:4,(anonymous_0)
FN:13,(anonymous_1)
FN:37,(anonymous_2)
FN:39,(anonymous_3)
FNF:4
FNH:4
FNDA:14,(anonymous_0)
FNDA:1,(anonymous_1)
FNDA:5,(anonymous_2)
FNDA:5,(anonymous_3)
DA:4,2
DA:5,14
DA:13,14
DA:14,1
DA:16,1
DA:17,1
DA:25,1
DA:26,1
DA:28,1
DA:30,0
DA:33,0
DA:37,14
DA:38,5
DA:39,5
DA:45,14
DA:47,8
LF:16
LH:14
BRDA:25,0,0,1
BRDA:25,0,1,0
BRDA:45,1,0,6
BRDA:45,1,1,8
BRF:4
BRH:3
end_of_record
TN:
SF:app/javascript/components/Pantry.jsx
FN:9,(anonymous_0)
FN:11,(anonymous_1)
FN:23,(anonymous_2)
FN:33,(anonymous_3)
FN:36,(anonymous_4)
FN:44,(anonymous_5)
FN:49,(anonymous_6)
FN:52,(anonymous_7)
FN:55,(anonymous_8)
FN:58,(anonymous_9)
FN:59,(anonymous_10)
FN:64,(anonymous_11)
FN:67,(anonymous_12)
FN:74,(anonymous_13)
FN:75,(anonymous_14)
FN:76,(anonymous_15)
FN:130,(anonymous_16)
FN:148,(anonymous_17)
FN:155,(anonymous_18)
FNF:19
FNH:7
FNDA:6,(anonymous_0)
FNDA:0,(anonymous_1)
FNDA:0,(anonymous_2)
FNDA:0,(anonymous_3)
FNDA:9,(anonymous_4)
FNDA:5,(anonymous_5)
FNDA:1,(anonymous_6)
FNDA:0,(anonymous_7)
FNDA:0,(anonymous_8)
FNDA:0,(anonymous_9)
FNDA:0,(anonymous_10)
FNDA:0,(anonymous_11)
FNDA:0,(anonymous_12)
FNDA:0,(anonymous_13)
FNDA:5,(anonymous_14)
FNDA:10,(anonymous_15)
FNDA:5,(anonymous_16)
FNDA:0,(anonymous_17)
FNDA:0,(anonymous_18)
DA:9,1
DA:10,6
DA:11,6
DA:12,0
DA:13,0
DA:18,0
DA:19,0
DA:22,0
DA:23,0
DA:29,0
DA:33,6
DA:34,0
DA:36,6
DA:37,9
DA:38,9
DA:40,6
DA:41,6
DA:42,6
DA:43,6
DA:44,5
DA:49,6
DA:50,1
DA:52,6
DA:53,0
DA:55,6
DA:56,0
DA:58,6
DA:59,0
DA:64,6
DA:65,0
DA:66,0
DA:67,0
DA:73,6
DA:74,0
DA:76,5
DA:77,10
DA:79,5
DA:81,6
DA:83,6
DA:131,5
DA:148,0
DA:155,0
LF:42
LH:25
BRDA:9,0,0,0
BRDA:23,1,0,0
BRDA:23,1,1,0
BRDA:44,2,0,6
BRDA:44,2,1,0
BRDA:67,3,0,0
BRDA:67,3,1,0
BRDA:73,4,0,6
BRDA:73,4,1,0
BRDA:91,5,0,6
BRDA:91,5,1,5
BRDA:91,6,0,6
BRDA:91,6,1,0
BRDA:124,7,0,1
BRDA:124,7,1,5
BRDA:124,8,0,6
BRDA:124,8,1,0
BRDA:149,9,0,6
BRDA:149,9,1,0
BRF:19
BRH:9
end_of_record
TN:
SF:app/javascript/components/SearchBar.jsx
FN:4,(anonymous_0)
FN:16,(anonymous_1)
FNF:2
FNH:2
FNDA:8,(anonymous_0)
FNDA:2,(anonymous_1)
DA:4,2
DA:5,8
DA:16,2
LF:3
LH:3
BRF:0
BRH:0
end_of_record
TN:
SF:app/javascript/components/SectionModal.jsx
FN:4,(anonymous_0)
FN:10,(anonymous_1)
FN:18,(anonymous_2)
FN:25,(anonymous_3)
FN:87,(anonymous_4)
FN:88,(anonymous_5)
FNF:6
FNH:6
FNDA:1,(anonymous_0)
FNDA:17,(anonymous_1)
FNDA:8,(anonymous_2)
FNDA:2,(anonymous_3)
FNDA:1,(anonymous_4)
FNDA:1,(anonymous_5)
DA:4,2
DA:5,1
DA:10,2
DA:11,17
DA:14,17
DA:15,17
DA:18,17
DA:19,8
DA:20,4
DA:21,4
DA:25,17
DA:26,2
DA:27,2
DA:29,2
DA:30,2
DA:32,2
DA:33,2
DA:34,2
DA:35,0
DA:38,2
DA:43,2
DA:54,1
DA:56,1
DA:57,1
DA:59,0
DA:60,0
DA:61,0
DA:64,1
DA:65,0
DA:68,0
DA:69,0
DA:73,1
DA:75,1
DA:76,1
DA:78,1
DA:81,1
DA:83,2
DA:87,17
DA:88,1
DA:94,17
DA:96,12
LF:41
LH:34
BRDA:10,0,0,10
BRDA:19,1,0,4
BRDA:19,1,1,4
BRDA:34,2,0,0
BRDA:34,2,1,2
BRDA:64,3,0,0
BRDA:64,3,1,1
BRDA:65,4,0,0
BRDA:65,4,1,0
BRDA:75,5,0,1
BRDA:75,5,1,0
BRDA:94,6,0,5
BRDA:94,6,1,12
BRDA:109,7,0,12
BRDA:109,7,1,1
BRDA:137,8,0,2
BRDA:137,8,1,10
BRF:17
BRH:12
end_of_record
TN:
SF:app/javascript/components/Shelf.jsx
FN:5,(anonymous_0)
FN:23,(anonymous_1)
FN:42,(anonymous_2)
FNF:3
FNH:3
FNDA:12,(anonymous_0)
FNDA:1,(anonymous_1)
FNDA:23,(anonymous_2)
DA:5,2
DA:14,12
DA:23,1
DA:43,23
LF:4
LH:4
BRDA:27,0,0,7
BRDA:27,0,1,5
BRDA:37,1,0,7
BRDA:37,1,1,5
BRDA:44,2,0,23
BRDA:44,2,1,0
BRF:6
BRH:5
end_of_record
TN:
SF:app/javascript/components/ShelfItems.jsx
FN:3,(anonymous_0)
FN:7,(anonymous_1)
FNF:2
FNH:2
FNDA:11,(anonymous_0)
FNDA:1,(anonymous_1)
DA:3,2
DA:4,11
DA:7,1
LF:3
LH:3
BRDA:6,0,0,11
BRDA:6,0,1,0
BRF:2
BRH:1
end_of_record
TN:
SF:app/javascript/components/SideNav.jsx
FN:4,(anonymous_0)
FN:8,(anonymous_1)
FN:12,(anonymous_2)
FN:40,(anonymous_3)
FN:51,(anonymous_4)
FN:63,(anonymous_5)
FNF:6
FNH:6
FNDA:24,(anonymous_0)
FNDA:8,(anonymous_1)
FNDA:2,(anonymous_2)
FNDA:6,(anonymous_3)
FNDA:1,(anonymous_4)
FNDA:1,(anonymous_5)
DA:4,1
DA:5,24
DA:6,24
DA:8,24
DA:9,8
DA:12,24
DA:13,2
DA:15,2
DA:17,2
DA:18,2
DA:26,1
DA:27,1
DA:30,1
DA:34,24
DA:36,23
DA:40,6
DA:51,1
DA:63,1
LF:18
LH:18
BRDA:26,0,0,1
BRDA:26,0,1,0
BRDA:34,1,0,1
BRDA:34,1,1,23
BRDA:48,2,0,23
BRDA:48,2,1,6
BRDA:58,3,0,6
BRDA:58,3,1,17
BRDA:71,4,0,23
BRDA:71,4,1,21
BRDA:81,5,0,23
BRDA:81,5,1,23
BRDA:91,6,0,23
BRDA:91,6,1,23
BRF:14
BRH:13
end_of_record
TN:
SF:app/javascript/components/ToggleButton.jsx
FN:4,(anonymous_0)
FNF:1
FNH:1
FNDA:8,(anonymous_0)
DA:4,2
DA:5,8
LF:2
LH:2
BRDA:10,0,0,6
BRDA:10,0,1,2
BRF:2
BRH:2
end_of_record
